0 verbose cli /usr/bin/node /usr/lib/node_modules/npm/bin/npm-cli.js
1 info using npm@8.19.4
2 info using node@v16.20.0
3 timing npm:load:whichnode Completed in 0ms
4 timing config:load:defaults Completed in 1ms
5 timing config:load:file:/usr/lib/node_modules/npm/npmrc Completed in 1ms
6 timing config:load:builtin Completed in 1ms
7 timing config:load:cli Completed in 2ms
8 timing config:load:env Completed in 0ms
9 timing config:load:file:/var/www/html/.npmrc Completed in 0ms
10 timing config:load:project Completed in 19ms
11 timing config:load:file:/root/.npmrc Completed in 0ms
12 timing config:load:user Completed in 1ms
13 timing config:load:file:/usr/etc/npmrc Completed in 0ms
14 timing config:load:global Completed in 0ms
15 timing config:load:validate Completed in 0ms
16 timing config:load:credentials Completed in 1ms
17 timing config:load:setEnvs Completed in 1ms
18 timing config:load Completed in 26ms
19 timing npm:load:configload Completed in 27ms
20 timing npm:load:mkdirpcache Completed in 1ms
21 timing npm:load:mkdirplogs Completed in 0ms
22 verbose title npm exec create-react-app react-tutorial
23 verbose argv "exec" "--" "create-react-app" "react-tutorial"
24 timing npm:load:setTitle Completed in 1ms
25 timing config:load:flatten Completed in 3ms
26 timing npm:load:display Completed in 5ms
27 verbose logfile logs-max:10 dir:/root/.npm/_logs
28 verbose logfile /root/.npm/_logs/2023-05-02T12_00_35_662Z-debug-0.log
29 timing npm:load:logFile Completed in 5ms
30 timing npm:load:timers Completed in 0ms
31 timing npm:load:configScope Completed in 0ms
32 timing npm:load Completed in 40ms
33 silly logfile done cleaning log files
34 timing arborist:ctor Completed in 0ms
35 http fetch GET 200 https://registry.npmjs.org/create-react-app 844ms (cache miss)
36 timing arborist:ctor Completed in 0ms
37 timing arborist:ctor Completed in 0ms
38 http fetch GET 200 https://registry.npmjs.org/npm 1096ms (cache miss)
39 timing arborist:ctor Completed in 0ms
40 timing idealTree:init Completed in 30ms
41 timing idealTree:userRequests Completed in 1ms
42 silly idealTree buildDeps
43 silly fetch manifest create-react-app@5.0.1
44 http fetch GET 200 https://registry.npmjs.org/create-react-app 16ms (cache hit)
45 silly placeDep ROOT create-react-app@5.0.1 OK for:  want: 5.0.1
46 silly fetch manifest chalk@^4.1.2
47 silly fetch manifest commander@^4.1.1
48 silly fetch manifest cross-spawn@^7.0.3
49 silly fetch manifest envinfo@^7.8.1
50 silly fetch manifest fs-extra@^10.0.0
51 silly fetch manifest hyperquest@^2.1.3
52 silly fetch manifest prompts@^2.4.2
53 silly fetch manifest semver@^7.3.5
54 silly fetch manifest tar-pack@^3.4.1
55 silly fetch manifest tmp@^0.2.1
56 silly fetch manifest validate-npm-package-name@^3.0.0
57 http fetch GET 200 https://registry.npmjs.org/chalk 39ms (cache miss)
58 http fetch GET 200 https://registry.npmjs.org/commander 42ms (cache miss)
59 http fetch GET 200 https://registry.npmjs.org/validate-npm-package-name 96ms (cache miss)
60 http fetch GET 200 https://registry.npmjs.org/hyperquest 100ms (cache miss)
61 http fetch GET 200 https://registry.npmjs.org/tar-pack 100ms (cache miss)
62 http fetch GET 200 https://registry.npmjs.org/tmp 102ms (cache miss)
63 http fetch GET 200 https://registry.npmjs.org/cross-spawn 112ms (cache miss)
64 http fetch GET 200 https://registry.npmjs.org/prompts 111ms (cache miss)
65 http fetch GET 200 https://registry.npmjs.org/semver 113ms (cache miss)
66 http fetch GET 200 https://registry.npmjs.org/fs-extra 116ms (cache miss)
67 http fetch GET 200 https://registry.npmjs.org/envinfo 120ms (cache miss)
68 timing idealTree:#root Completed in 146ms
69 silly placeDep ROOT chalk@4.1.2 OK for: create-react-app@5.0.1 want: ^4.1.2
70 silly placeDep ROOT commander@4.1.1 OK for: create-react-app@5.0.1 want: ^4.1.1
71 silly placeDep ROOT cross-spawn@7.0.3 OK for: create-react-app@5.0.1 want: ^7.0.3
72 silly placeDep ROOT envinfo@7.8.1 OK for: create-react-app@5.0.1 want: ^7.8.1
73 silly placeDep ROOT fs-extra@10.1.0 OK for: create-react-app@5.0.1 want: ^10.0.0
74 silly placeDep ROOT hyperquest@2.1.3 OK for: create-react-app@5.0.1 want: ^2.1.3
75 silly placeDep ROOT prompts@2.4.2 OK for: create-react-app@5.0.1 want: ^2.4.2
76 silly placeDep ROOT semver@7.5.0 OK for: create-react-app@5.0.1 want: ^7.3.5
77 silly placeDep ROOT tar-pack@3.4.1 OK for: create-react-app@5.0.1 want: ^3.4.1
78 silly placeDep ROOT tmp@0.2.1 OK for: create-react-app@5.0.1 want: ^0.2.1
79 silly placeDep ROOT validate-npm-package-name@3.0.0 OK for: create-react-app@5.0.1 want: ^3.0.0
80 silly fetch manifest ansi-styles@^4.1.0
81 silly fetch manifest supports-color@^7.1.0
82 silly fetch manifest path-key@^3.1.0
83 silly fetch manifest shebang-command@^2.0.0
84 silly fetch manifest which@^2.0.1
85 silly fetch manifest graceful-fs@^4.2.0
86 silly fetch manifest jsonfile@^6.0.1
87 silly fetch manifest universalify@^2.0.0
88 silly fetch manifest buffer-from@^0.1.1
89 silly fetch manifest duplexer2@~0.0.2
90 silly fetch manifest through2@~0.6.3
91 silly fetch manifest kleur@^3.0.3
92 silly fetch manifest sisteransi@^1.0.5
93 silly fetch manifest lru-cache@^6.0.0
94 silly fetch manifest debug@^2.2.0
95 silly fetch manifest fstream@^1.0.10
96 silly fetch manifest fstream-ignore@^1.0.5
97 silly fetch manifest once@^1.3.3
98 silly fetch manifest readable-stream@^2.1.4
99 silly fetch manifest rimraf@^2.5.1
100 silly fetch manifest tar@^2.2.1
101 silly fetch manifest uid-number@^0.0.6
102 silly fetch manifest rimraf@^3.0.0
103 silly fetch manifest builtins@^1.0.3
104 http fetch GET 200 https://registry.npmjs.org/shebang-command 156ms (cache miss)
105 http fetch GET 200 https://registry.npmjs.org/duplexer2 154ms (cache miss)
106 http fetch GET 200 https://registry.npmjs.org/through2 156ms (cache miss)
107 http fetch GET 200 https://registry.npmjs.org/uid-number 149ms (cache miss)
108 http fetch GET 200 https://registry.npmjs.org/jsonfile 162ms (cache miss)
109 http fetch GET 200 https://registry.npmjs.org/path-key 170ms (cache miss)
110 http fetch GET 200 https://registry.npmjs.org/once 157ms (cache miss)
111 http fetch GET 200 https://registry.npmjs.org/universalify 165ms (cache miss)
112 http fetch GET 200 https://registry.npmjs.org/which 167ms (cache miss)
113 http fetch GET 200 https://registry.npmjs.org/ansi-styles 175ms (cache miss)
114 http fetch GET 200 https://registry.npmjs.org/builtins 158ms (cache miss)
115 http fetch GET 200 https://registry.npmjs.org/buffer-from 169ms (cache miss)
116 http fetch GET 200 https://registry.npmjs.org/sisteransi 167ms (cache miss)
117 http fetch GET 200 https://registry.npmjs.org/fstream 166ms (cache miss)
118 http fetch GET 200 https://registry.npmjs.org/fstream-ignore 166ms (cache miss)
119 http fetch GET 200 https://registry.npmjs.org/graceful-fs 178ms (cache miss)
120 http fetch GET 200 https://registry.npmjs.org/rimraf 168ms (cache miss)
121 http fetch GET 200 https://registry.npmjs.org/kleur 181ms (cache miss)
122 http fetch GET 200 https://registry.npmjs.org/readable-stream 178ms (cache miss)
123 http fetch GET 200 https://registry.npmjs.org/rimraf 180ms (cache miss)
124 http fetch GET 200 https://registry.npmjs.org/supports-color 200ms (cache miss)
125 http fetch GET 200 https://registry.npmjs.org/tar 184ms (cache miss)
126 http fetch GET 200 https://registry.npmjs.org/debug 193ms (cache miss)
127 http fetch GET 200 https://registry.npmjs.org/lru-cache 197ms (cache miss)
128 timing idealTree:node_modules/create-react-app Completed in 235ms
129 silly placeDep ROOT ansi-styles@4.3.0 OK for: chalk@4.1.2 want: ^4.1.0
130 silly placeDep ROOT supports-color@7.2.0 OK for: chalk@4.1.2 want: ^7.1.0
131 silly fetch manifest color-convert@^2.0.1
132 silly fetch manifest has-flag@^4.0.0
133 http fetch GET 200 https://registry.npmjs.org/has-flag 23ms (cache miss)
134 http fetch GET 200 https://registry.npmjs.org/color-convert 25ms (cache miss)
135 timing idealTree:node_modules/chalk Completed in 30ms
136 silly placeDep ROOT color-convert@2.0.1 OK for: ansi-styles@4.3.0 want: ^2.0.1
137 silly fetch manifest color-name@~1.1.4
138 http fetch GET 200 https://registry.npmjs.org/color-name 17ms (cache miss)
139 timing idealTree:node_modules/ansi-styles Completed in 20ms
140 silly placeDep ROOT color-name@1.1.4 OK for: color-convert@2.0.1 want: ~1.1.4
141 timing idealTree:node_modules/color-convert Completed in 1ms
142 timing idealTree:node_modules/color-name Completed in 0ms
143 timing idealTree:node_modules/commander Completed in 0ms
144 silly placeDep ROOT path-key@3.1.1 OK for: cross-spawn@7.0.3 want: ^3.1.0
145 silly placeDep ROOT shebang-command@2.0.0 OK for: cross-spawn@7.0.3 want: ^2.0.0
146 silly placeDep ROOT which@2.0.2 OK for: cross-spawn@7.0.3 want: ^2.0.1
147 silly fetch manifest shebang-regex@^3.0.0
148 silly fetch manifest isexe@^2.0.0
149 http fetch GET 200 https://registry.npmjs.org/shebang-regex 23ms (cache miss)
150 http fetch GET 200 https://registry.npmjs.org/isexe 35ms (cache miss)
151 timing idealTree:node_modules/cross-spawn Completed in 40ms
152 timing idealTree:node_modules/envinfo Completed in 0ms
153 silly placeDep ROOT graceful-fs@4.2.11 OK for: fs-extra@10.1.0 want: ^4.2.0
154 silly placeDep ROOT jsonfile@6.1.0 OK for: fs-extra@10.1.0 want: ^6.0.1
155 silly placeDep ROOT universalify@2.0.0 OK for: fs-extra@10.1.0 want: ^2.0.0
156 timing idealTree:node_modules/fs-extra Completed in 4ms
157 timing idealTree:node_modules/graceful-fs Completed in 0ms
158 silly placeDep ROOT buffer-from@0.1.2 OK for: hyperquest@2.1.3 want: ^0.1.1
159 silly placeDep ROOT duplexer2@0.0.2 OK for: hyperquest@2.1.3 want: ~0.0.2
160 silly placeDep ROOT through2@0.6.5 OK for: hyperquest@2.1.3 want: ~0.6.3
161 silly fetch manifest readable-stream@~1.1.9
162 silly fetch manifest readable-stream@>=1.0.33-1 <1.1.0-0
163 silly fetch manifest xtend@>=4.0.0 <4.1.0-0
164 http fetch GET 200 https://registry.npmjs.org/xtend 42ms (cache miss)
165 timing idealTree:node_modules/hyperquest Completed in 48ms
166 timing idealTree:node_modules/buffer-from Completed in 0ms
167 silly placeDep ROOT readable-stream@1.1.14 OK for: duplexer2@0.0.2 want: ~1.1.9
168 silly fetch manifest core-util-is@~1.0.0
169 silly fetch manifest isarray@0.0.1
170 silly fetch manifest string_decoder@~0.10.x
171 silly fetch manifest inherits@~2.0.1
172 http fetch GET 200 https://registry.npmjs.org/core-util-is 31ms (cache miss)
173 http fetch GET 200 https://registry.npmjs.org/inherits 30ms (cache miss)
174 http fetch GET 200 https://registry.npmjs.org/string_decoder 32ms (cache miss)
175 http fetch GET 200 https://registry.npmjs.org/isarray 61ms (cache miss)
176 timing idealTree:node_modules/duplexer2 Completed in 64ms
177 timing idealTree:node_modules/jsonfile Completed in 0ms
178 timing idealTree:node_modules/path-key Completed in 0ms
179 silly placeDep ROOT kleur@3.0.3 OK for: prompts@2.4.2 want: ^3.0.3
180 silly placeDep ROOT sisteransi@1.0.5 OK for: prompts@2.4.2 want: ^1.0.5
181 timing idealTree:node_modules/prompts Completed in 3ms
182 timing idealTree:node_modules/kleur Completed in 0ms
183 silly placeDep ROOT core-util-is@1.0.3 OK for: readable-stream@1.1.14 want: ~1.0.0
184 silly placeDep ROOT inherits@2.0.4 OK for: readable-stream@1.1.14 want: ~2.0.1
185 silly placeDep ROOT isarray@0.0.1 OK for: readable-stream@1.1.14 want: 0.0.1
186 silly placeDep ROOT string_decoder@0.10.31 OK for: readable-stream@1.1.14 want: ~0.10.x
187 timing idealTree:node_modules/readable-stream Completed in 4ms
188 timing idealTree:node_modules/core-util-is Completed in 0ms
189 timing idealTree:node_modules/inherits Completed in 0ms
190 timing idealTree:node_modules/isarray Completed in 0ms
191 silly placeDep ROOT lru-cache@6.0.0 OK for: semver@7.5.0 want: ^6.0.0
192 silly fetch manifest yallist@^4.0.0
193 http fetch GET 200 https://registry.npmjs.org/yallist 27ms (cache miss)
194 timing idealTree:node_modules/semver Completed in 30ms
195 silly placeDep ROOT yallist@4.0.0 OK for: lru-cache@6.0.0 want: ^4.0.0
196 timing idealTree:node_modules/lru-cache Completed in 1ms
197 silly placeDep ROOT shebang-regex@3.0.0 OK for: shebang-command@2.0.0 want: ^3.0.0
198 timing idealTree:node_modules/shebang-command Completed in 1ms
199 timing idealTree:node_modules/shebang-regex Completed in 0ms
200 timing idealTree:node_modules/sisteransi Completed in 0ms
201 timing idealTree:node_modules/string_decoder Completed in 0ms
202 silly placeDep ROOT has-flag@4.0.0 OK for: supports-color@7.2.0 want: ^4.0.0
203 timing idealTree:node_modules/supports-color Completed in 1ms
204 timing idealTree:node_modules/has-flag Completed in 0ms
205 silly placeDep ROOT debug@2.6.9 OK for: tar-pack@3.4.1 want: ^2.2.0
206 silly placeDep ROOT fstream@1.0.12 OK for: tar-pack@3.4.1 want: ^1.0.10
207 silly placeDep ROOT fstream-ignore@1.0.5 OK for: tar-pack@3.4.1 want: ^1.0.5
208 silly placeDep ROOT once@1.4.0 OK for: tar-pack@3.4.1 want: ^1.3.3
209 silly placeDep node_modules/tar-pack readable-stream@2.3.8 OK for: tar-pack@3.4.1 want: ^2.1.4
210 silly placeDep ROOT rimraf@2.7.1 OK for: tar-pack@3.4.1 want: ^2.5.1
211 silly placeDep ROOT tar@2.2.2 OK for: tar-pack@3.4.1 want: ^2.2.1
212 silly placeDep ROOT uid-number@0.0.6 OK for: tar-pack@3.4.1 want: ^0.0.6
213 silly fetch manifest ms@2.0.0
214 silly fetch manifest mkdirp@>=0.5 0
215 silly fetch manifest minimatch@^3.0.0
216 silly fetch manifest wrappy@1
217 silly fetch manifest isarray@~1.0.0
218 silly fetch manifest process-nextick-args@~2.0.0
219 silly fetch manifest safe-buffer@~5.1.1
220 silly fetch manifest string_decoder@~1.1.1
221 silly fetch manifest util-deprecate@~1.0.1
222 silly fetch manifest glob@^7.1.3
223 silly fetch manifest block-stream@*
224 http fetch GET 200 https://registry.npmjs.org/wrappy 42ms (cache miss)
225 http fetch GET 200 https://registry.npmjs.org/util-deprecate 40ms (cache miss)
226 http fetch GET 200 https://registry.npmjs.org/ms 46ms (cache miss)
227 http fetch GET 200 https://registry.npmjs.org/safe-buffer 43ms (cache miss)
228 http fetch GET 200 https://registry.npmjs.org/glob 42ms (cache miss)
229 http fetch GET 200 https://registry.npmjs.org/minimatch 56ms (cache miss)
230 http fetch GET 200 https://registry.npmjs.org/block-stream 74ms (cache miss)
231 http fetch GET 200 https://registry.npmjs.org/process-nextick-args 79ms (cache miss)
232 http fetch GET 200 https://registry.npmjs.org/mkdirp 82ms (cache miss)
233 timing idealTree:node_modules/tar-pack Completed in 97ms
234 silly placeDep ROOT ms@2.0.0 OK for: debug@2.6.9 want: 2.0.0
235 timing idealTree:node_modules/debug Completed in 1ms
236 silly placeDep ROOT mkdirp@0.5.6 OK for: fstream@1.0.12 want: >=0.5 0
237 silly fetch manifest minimist@^1.2.6
238 http fetch GET 200 https://registry.npmjs.org/minimist 20ms (cache miss)
239 timing idealTree:node_modules/fstream Completed in 23ms
240 silly placeDep ROOT minimatch@3.1.2 OK for: fstream-ignore@1.0.5 want: ^3.0.0
241 silly fetch manifest brace-expansion@^1.1.7
242 http fetch GET 200 https://registry.npmjs.org/brace-expansion 21ms (cache miss)
243 timing idealTree:node_modules/fstream-ignore Completed in 22ms
244 silly placeDep ROOT brace-expansion@1.1.11 OK for: minimatch@3.1.2 want: ^1.1.7
245 silly fetch manifest balanced-match@^1.0.0
246 silly fetch manifest concat-map@0.0.1
247 http fetch GET 200 https://registry.npmjs.org/balanced-match 21ms (cache miss)
248 http fetch GET 200 https://registry.npmjs.org/concat-map 24ms (cache miss)
249 timing idealTree:node_modules/minimatch Completed in 26ms
250 silly placeDep ROOT balanced-match@1.0.2 OK for: brace-expansion@1.1.11 want: ^1.0.0
251 silly placeDep ROOT concat-map@0.0.1 OK for: brace-expansion@1.1.11 want: 0.0.1
252 timing idealTree:node_modules/brace-expansion Completed in 2ms
253 timing idealTree:node_modules/balanced-match Completed in 0ms
254 timing idealTree:node_modules/concat-map Completed in 0ms
255 silly placeDep ROOT minimist@1.2.8 OK for: mkdirp@0.5.6 want: ^1.2.6
256 timing idealTree:node_modules/mkdirp Completed in 1ms
257 timing idealTree:node_modules/minimist Completed in 0ms
258 timing idealTree:node_modules/ms Completed in 0ms
259 silly placeDep ROOT wrappy@1.0.2 OK for: once@1.4.0 want: 1
260 timing idealTree:node_modules/once Completed in 1ms
261 silly placeDep ROOT glob@7.2.3 OK for: rimraf@2.7.1 want: ^7.1.3
262 silly fetch manifest fs.realpath@^1.0.0
263 silly fetch manifest inflight@^1.0.4
264 silly fetch manifest path-is-absolute@^1.0.0
265 http fetch GET 200 https://registry.npmjs.org/path-is-absolute 67ms (cache miss)
266 http fetch GET 200 https://registry.npmjs.org/fs.realpath 69ms (cache miss)
267 http fetch GET 200 https://registry.npmjs.org/inflight 68ms (cache miss)
268 timing idealTree:node_modules/rimraf Completed in 72ms
269 silly placeDep ROOT fs.realpath@1.0.0 OK for: glob@7.2.3 want: ^1.0.0
270 silly placeDep ROOT inflight@1.0.6 OK for: glob@7.2.3 want: ^1.0.4
271 silly placeDep ROOT path-is-absolute@1.0.1 OK for: glob@7.2.3 want: ^1.0.0
272 timing idealTree:node_modules/glob Completed in 3ms
273 timing idealTree:node_modules/fs.realpath Completed in 0ms
274 timing idealTree:node_modules/inflight Completed in 0ms
275 timing idealTree:node_modules/path-is-absolute Completed in 0ms
276 silly placeDep ROOT block-stream@0.0.9 OK for: tar@2.2.2 want: *
277 timing idealTree:node_modules/tar Completed in 2ms
278 timing idealTree:node_modules/block-stream Completed in 0ms
279 silly placeDep node_modules/through2 readable-stream@1.0.34 OK for: through2@0.6.5 want: >=1.0.33-1 <1.1.0-0
280 silly placeDep ROOT xtend@4.0.2 OK for: through2@0.6.5 want: >=4.0.0 <4.1.0-0
281 timing idealTree:node_modules/through2 Completed in 2ms
282 silly placeDep node_modules/tmp rimraf@3.0.2 OK for: tmp@0.2.1 want: ^3.0.0
283 timing idealTree:node_modules/tmp Completed in 5ms
284 timing idealTree:node_modules/uid-number Completed in 0ms
285 timing idealTree:node_modules/universalify Completed in 0ms
286 silly placeDep ROOT builtins@1.0.3 OK for: validate-npm-package-name@3.0.0 want: ^1.0.3
287 timing idealTree:node_modules/validate-npm-package-name Completed in 1ms
288 timing idealTree:node_modules/builtins Completed in 0ms
289 silly placeDep ROOT isexe@2.0.0 OK for: which@2.0.2 want: ^2.0.0
290 timing idealTree:node_modules/which Completed in 1ms
291 timing idealTree:node_modules/isexe Completed in 0ms
292 timing idealTree:node_modules/wrappy Completed in 0ms
293 timing idealTree:node_modules/xtend Completed in 0ms
294 timing idealTree:node_modules/yallist Completed in 0ms
295 silly placeDep node_modules/tar-pack isarray@1.0.0 OK for: readable-stream@2.3.8 want: ~1.0.0
296 silly placeDep ROOT process-nextick-args@2.0.1 OK for: readable-stream@2.3.8 want: ~2.0.0
297 silly placeDep ROOT safe-buffer@5.1.2 OK for: readable-stream@2.3.8 want: ~5.1.1
298 silly placeDep node_modules/tar-pack string_decoder@1.1.1 OK for: readable-stream@2.3.8 want: ~1.1.1
299 silly placeDep ROOT util-deprecate@1.0.2 OK for: readable-stream@2.3.8 want: ~1.0.1
300 timing idealTree:node_modules/tar-pack/node_modules/readable-stream Completed in 5ms
301 timing idealTree:node_modules/process-nextick-args Completed in 0ms
302 timing idealTree:node_modules/safe-buffer Completed in 0ms
303 timing idealTree:node_modules/util-deprecate Completed in 0ms
304 timing idealTree:node_modules/tar-pack/node_modules/isarray Completed in 0ms
305 timing idealTree:node_modules/tar-pack/node_modules/string_decoder Completed in 0ms
306 timing idealTree:node_modules/through2/node_modules/readable-stream Completed in 0ms
307 timing idealTree:node_modules/tmp/node_modules/rimraf Completed in 0ms
308 timing idealTree:buildDeps Completed in 901ms
309 timing idealTree:fixDepFlags Completed in 0ms
310 timing idealTree Completed in 934ms
311 timing reify:loadTrees Completed in 934ms
312 timing reify:diffTrees Completed in 2ms
313 silly reify moves {}
314 timing reify:retireShallow Completed in 1ms
315 timing reify:createSparse Completed in 18ms
316 timing reify:loadBundles Completed in 0ms
317 silly audit bulk request {
317 silly audit   'create-react-app': [ '5.0.1' ],
317 silly audit   chalk: [ '4.1.2' ],
317 silly audit   commander: [ '4.1.1' ],
317 silly audit   'cross-spawn': [ '7.0.3' ],
317 silly audit   envinfo: [ '7.8.1' ],
317 silly audit   'fs-extra': [ '10.1.0' ],
317 silly audit   hyperquest: [ '2.1.3' ],
317 silly audit   prompts: [ '2.4.2' ],
317 silly audit   semver: [ '7.5.0' ],
317 silly audit   'tar-pack': [ '3.4.1' ],
317 silly audit   tmp: [ '0.2.1' ],
317 silly audit   'validate-npm-package-name': [ '3.0.0' ],
317 silly audit   'ansi-styles': [ '4.3.0' ],
317 silly audit   'supports-color': [ '7.2.0' ],
317 silly audit   'color-convert': [ '2.0.1' ],
317 silly audit   'color-name': [ '1.1.4' ],
317 silly audit   'path-key': [ '3.1.1' ],
317 silly audit   'shebang-command': [ '2.0.0' ],
317 silly audit   which: [ '2.0.2' ],
317 silly audit   'graceful-fs': [ '4.2.11' ],
317 silly audit   jsonfile: [ '6.1.0' ],
317 silly audit   universalify: [ '2.0.0' ],
317 silly audit   'buffer-from': [ '0.1.2' ],
317 silly audit   duplexer2: [ '0.0.2' ],
317 silly audit   through2: [ '0.6.5' ],
317 silly audit   'readable-stream': [ '1.1.14', '2.3.8', '1.0.34' ],
317 silly audit   kleur: [ '3.0.3' ],
317 silly audit   sisteransi: [ '1.0.5' ],
317 silly audit   'core-util-is': [ '1.0.3' ],
317 silly audit   inherits: [ '2.0.4' ],
317 silly audit   isarray: [ '0.0.1', '1.0.0' ],
317 silly audit   string_decoder: [ '0.10.31', '1.1.1' ],
317 silly audit   'lru-cache': [ '6.0.0' ],
317 silly audit   yallist: [ '4.0.0' ],
317 silly audit   'shebang-regex': [ '3.0.0' ],
317 silly audit   'has-flag': [ '4.0.0' ],
317 silly audit   debug: [ '2.6.9' ],
317 silly audit   fstream: [ '1.0.12' ],
317 silly audit   'fstream-ignore': [ '1.0.5' ],
317 silly audit   once: [ '1.4.0' ],
317 silly audit   rimraf: [ '2.7.1', '3.0.2' ],
317 silly audit   tar: [ '2.2.2' ],
317 silly audit   'uid-number': [ '0.0.6' ],
317 silly audit   ms: [ '2.0.0' ],
317 silly audit   mkdirp: [ '0.5.6' ],
317 silly audit   minimatch: [ '3.1.2' ],
317 silly audit   'brace-expansion': [ '1.1.11' ],
317 silly audit   'balanced-match': [ '1.0.2' ],
317 silly audit   'concat-map': [ '0.0.1' ],
317 silly audit   minimist: [ '1.2.8' ],
317 silly audit   wrappy: [ '1.0.2' ],
317 silly audit   glob: [ '7.2.3' ],
317 silly audit   'fs.realpath': [ '1.0.0' ],
317 silly audit   inflight: [ '1.0.6' ],
317 silly audit   'path-is-absolute': [ '1.0.1' ],
317 silly audit   'block-stream': [ '0.0.9' ],
317 silly audit   xtend: [ '4.0.2' ],
317 silly audit   builtins: [ '1.0.3' ],
317 silly audit   isexe: [ '2.0.0' ],
317 silly audit   'process-nextick-args': [ '2.0.1' ],
317 silly audit   'safe-buffer': [ '5.1.2' ],
317 silly audit   'util-deprecate': [ '1.0.2' ]
317 silly audit }
318 silly tarball no local data for safe-buffer@https://registry.npmjs.org/safe-buffer/-/safe-buffer-5.1.2.tgz. Extracting by manifest.
319 silly tarball no local data for process-nextick-args@https://registry.npmjs.org/process-nextick-args/-/process-nextick-args-2.0.1.tgz. Extracting by manifest.
320 silly tarball no local data for util-deprecate@https://registry.npmjs.org/util-deprecate/-/util-deprecate-1.0.2.tgz. Extracting by manifest.
321 silly tarball no local data for isexe@https://registry.npmjs.org/isexe/-/isexe-2.0.0.tgz. Extracting by manifest.
322 silly tarball no local data for builtins@https://registry.npmjs.org/builtins/-/builtins-1.0.3.tgz. Extracting by manifest.
323 silly tarball no local data for xtend@https://registry.npmjs.org/xtend/-/xtend-4.0.2.tgz. Extracting by manifest.
324 silly tarball no local data for block-stream@https://registry.npmjs.org/block-stream/-/block-stream-0.0.9.tgz. Extracting by manifest.
325 silly tarball no local data for path-is-absolute@https://registry.npmjs.org/path-is-absolute/-/path-is-absolute-1.0.1.tgz. Extracting by manifest.
326 silly tarball no local data for inflight@https://registry.npmjs.org/inflight/-/inflight-1.0.6.tgz. Extracting by manifest.
327 silly tarball no local data for fs.realpath@https://registry.npmjs.org/fs.realpath/-/fs.realpath-1.0.0.tgz. Extracting by manifest.
328 silly tarball no local data for glob@https://registry.npmjs.org/glob/-/glob-7.2.3.tgz. Extracting by manifest.
329 silly tarball no local data for wrappy@https://registry.npmjs.org/wrappy/-/wrappy-1.0.2.tgz. Extracting by manifest.
330 silly tarball no local data for minimist@https://registry.npmjs.org/minimist/-/minimist-1.2.8.tgz. Extracting by manifest.
331 silly tarball no local data for concat-map@https://registry.npmjs.org/concat-map/-/concat-map-0.0.1.tgz. Extracting by manifest.
332 silly tarball no local data for balanced-match@https://registry.npmjs.org/balanced-match/-/balanced-match-1.0.2.tgz. Extracting by manifest.
333 silly tarball no local data for brace-expansion@https://registry.npmjs.org/brace-expansion/-/brace-expansion-1.1.11.tgz. Extracting by manifest.
334 silly tarball no local data for minimatch@https://registry.npmjs.org/minimatch/-/minimatch-3.1.2.tgz. Extracting by manifest.
335 silly tarball no local data for mkdirp@https://registry.npmjs.org/mkdirp/-/mkdirp-0.5.6.tgz. Extracting by manifest.
336 silly tarball no local data for ms@https://registry.npmjs.org/ms/-/ms-2.0.0.tgz. Extracting by manifest.
337 silly tarball no local data for uid-number@https://registry.npmjs.org/uid-number/-/uid-number-0.0.6.tgz. Extracting by manifest.
338 silly tarball no local data for tar@https://registry.npmjs.org/tar/-/tar-2.2.2.tgz. Extracting by manifest.
339 silly tarball no local data for rimraf@https://registry.npmjs.org/rimraf/-/rimraf-2.7.1.tgz. Extracting by manifest.
340 silly tarball no local data for once@https://registry.npmjs.org/once/-/once-1.4.0.tgz. Extracting by manifest.
341 silly tarball no local data for fstream-ignore@https://registry.npmjs.org/fstream-ignore/-/fstream-ignore-1.0.5.tgz. Extracting by manifest.
342 silly tarball no local data for fstream@https://registry.npmjs.org/fstream/-/fstream-1.0.12.tgz. Extracting by manifest.
343 silly tarball no local data for debug@https://registry.npmjs.org/debug/-/debug-2.6.9.tgz. Extracting by manifest.
344 silly tarball no local data for has-flag@https://registry.npmjs.org/has-flag/-/has-flag-4.0.0.tgz. Extracting by manifest.
345 silly tarball no local data for shebang-regex@https://registry.npmjs.org/shebang-regex/-/shebang-regex-3.0.0.tgz. Extracting by manifest.
346 silly tarball no local data for yallist@https://registry.npmjs.org/yallist/-/yallist-4.0.0.tgz. Extracting by manifest.
347 silly tarball no local data for lru-cache@https://registry.npmjs.org/lru-cache/-/lru-cache-6.0.0.tgz. Extracting by manifest.
348 silly tarball no local data for string_decoder@https://registry.npmjs.org/string_decoder/-/string_decoder-0.10.31.tgz. Extracting by manifest.
349 silly tarball no local data for isarray@https://registry.npmjs.org/isarray/-/isarray-0.0.1.tgz. Extracting by manifest.
350 silly tarball no local data for inherits@https://registry.npmjs.org/inherits/-/inherits-2.0.4.tgz. Extracting by manifest.
351 silly tarball no local data for core-util-is@https://registry.npmjs.org/core-util-is/-/core-util-is-1.0.3.tgz. Extracting by manifest.
352 silly tarball no local data for sisteransi@https://registry.npmjs.org/sisteransi/-/sisteransi-1.0.5.tgz. Extracting by manifest.
353 silly tarball no local data for kleur@https://registry.npmjs.org/kleur/-/kleur-3.0.3.tgz. Extracting by manifest.
354 silly tarball no local data for readable-stream@https://registry.npmjs.org/readable-stream/-/readable-stream-1.1.14.tgz. Extracting by manifest.
355 silly tarball no local data for duplexer2@https://registry.npmjs.org/duplexer2/-/duplexer2-0.0.2.tgz. Extracting by manifest.
356 silly tarball no local data for through2@https://registry.npmjs.org/through2/-/through2-0.6.5.tgz. Extracting by manifest.
357 silly tarball no local data for buffer-from@https://registry.npmjs.org/buffer-from/-/buffer-from-0.1.2.tgz. Extracting by manifest.
358 silly tarball no local data for universalify@https://registry.npmjs.org/universalify/-/universalify-2.0.0.tgz. Extracting by manifest.
359 silly tarball no local data for jsonfile@https://registry.npmjs.org/jsonfile/-/jsonfile-6.1.0.tgz. Extracting by manifest.
360 silly tarball no local data for which@https://registry.npmjs.org/which/-/which-2.0.2.tgz. Extracting by manifest.
361 silly tarball no local data for graceful-fs@https://registry.npmjs.org/graceful-fs/-/graceful-fs-4.2.11.tgz. Extracting by manifest.
362 silly tarball no local data for shebang-command@https://registry.npmjs.org/shebang-command/-/shebang-command-2.0.0.tgz. Extracting by manifest.
363 silly tarball no local data for path-key@https://registry.npmjs.org/path-key/-/path-key-3.1.1.tgz. Extracting by manifest.
364 silly tarball no local data for color-name@https://registry.npmjs.org/color-name/-/color-name-1.1.4.tgz. Extracting by manifest.
365 silly tarball no local data for color-convert@https://registry.npmjs.org/color-convert/-/color-convert-2.0.1.tgz. Extracting by manifest.
366 silly tarball no local data for supports-color@https://registry.npmjs.org/supports-color/-/supports-color-7.2.0.tgz. Extracting by manifest.
367 silly tarball no local data for ansi-styles@https://registry.npmjs.org/ansi-styles/-/ansi-styles-4.3.0.tgz. Extracting by manifest.
368 silly tarball no local data for validate-npm-package-name@https://registry.npmjs.org/validate-npm-package-name/-/validate-npm-package-name-3.0.0.tgz. Extracting by manifest.
369 silly tarball no local data for tmp@https://registry.npmjs.org/tmp/-/tmp-0.2.1.tgz. Extracting by manifest.
370 silly tarball no local data for tar-pack@https://registry.npmjs.org/tar-pack/-/tar-pack-3.4.1.tgz. Extracting by manifest.
371 silly tarball no local data for semver@https://registry.npmjs.org/semver/-/semver-7.5.0.tgz. Extracting by manifest.
372 silly tarball no local data for prompts@https://registry.npmjs.org/prompts/-/prompts-2.4.2.tgz. Extracting by manifest.
373 silly tarball no local data for hyperquest@https://registry.npmjs.org/hyperquest/-/hyperquest-2.1.3.tgz. Extracting by manifest.
374 silly tarball no local data for fs-extra@https://registry.npmjs.org/fs-extra/-/fs-extra-10.1.0.tgz. Extracting by manifest.
375 silly tarball no local data for envinfo@https://registry.npmjs.org/envinfo/-/envinfo-7.8.1.tgz. Extracting by manifest.
376 silly tarball no local data for cross-spawn@https://registry.npmjs.org/cross-spawn/-/cross-spawn-7.0.3.tgz. Extracting by manifest.
377 silly tarball no local data for chalk@https://registry.npmjs.org/chalk/-/chalk-4.1.2.tgz. Extracting by manifest.
378 silly tarball no local data for create-react-app@https://registry.npmjs.org/create-react-app/-/create-react-app-5.0.1.tgz. Extracting by manifest.
379 silly tarball no local data for commander@https://registry.npmjs.org/commander/-/commander-4.1.1.tgz. Extracting by manifest.
380 silly tarball no local data for rimraf@https://registry.npmjs.org/rimraf/-/rimraf-3.0.2.tgz. Extracting by manifest.
381 silly tarball no local data for string_decoder@https://registry.npmjs.org/string_decoder/-/string_decoder-1.1.1.tgz. Extracting by manifest.
382 silly tarball no local data for isarray@https://registry.npmjs.org/isarray/-/isarray-1.0.0.tgz. Extracting by manifest.
383 silly tarball no local data for readable-stream@https://registry.npmjs.org/readable-stream/-/readable-stream-1.0.34.tgz. Extracting by manifest.
384 silly tarball no local data for readable-stream@https://registry.npmjs.org/readable-stream/-/readable-stream-2.3.8.tgz. Extracting by manifest.
385 http fetch POST 200 https://registry.npmjs.org/-/npm/v1/security/advisories/bulk 324ms
386 timing auditReport:getReport Completed in 328ms
387 silly audit report {
387 silly audit report   tar: [
387 silly audit report     {
387 silly audit report       id: 1089685,
387 silly audit report       url: 'https://github.com/advisories/GHSA-3jfq-g458-7qm9',
387 silly audit report       title: 'Arbitrary File Creation/Overwrite due to insufficient absolute path sanitization',
387 silly audit report       severity: 'high',
387 silly audit report       vulnerable_versions: '<3.2.2',
387 silly audit report       cwe: [Array],
387 silly audit report       cvss: [Object]
387 silly audit report     },
387 silly audit report     {
387 silly audit report       id: 1091314,
387 silly audit report       url: 'https://github.com/advisories/GHSA-r628-mhmh-qjhw',
387 silly audit report       title: 'Arbitrary File Creation/Overwrite via insufficient symlink protection due to directory cache poisoning',
387 silly audit report       severity: 'high',
387 silly audit report       vulnerable_versions: '<3.2.3',
387 silly audit report       cwe: [Array],
387 silly audit report       cvss: [Object]
387 silly audit report     },
387 silly audit report     {
387 silly audit report       id: 1091343,
387 silly audit report       url: 'https://github.com/advisories/GHSA-9r2w-394v-53qc',
387 silly audit report       title: 'Arbitrary File Creation/Overwrite via insufficient symlink protection due to directory cache poisoning using symbolic links',
387 silly audit report       severity: 'high',
387 silly audit report       vulnerable_versions: '<4.4.16',
387 silly audit report       cwe: [Array],
387 silly audit report       cvss: [Object]
387 silly audit report     },
387 silly audit report     {
387 silly audit report       id: 1091346,
387 silly audit report       url: 'https://github.com/advisories/GHSA-5955-9wpr-37jh',
387 silly audit report       title: 'Arbitrary File Creation/Overwrite on Windows via insufficient relative path sanitization',
387 silly audit report       severity: 'high',
387 silly audit report       vulnerable_versions: '<4.4.18',
387 silly audit report       cwe: [Array],
387 silly audit report       cvss: [Object]
387 silly audit report     },
387 silly audit report     {
387 silly audit report       id: 1091349,
387 silly audit report       url: 'https://github.com/advisories/GHSA-qq89-hq3f-393p',
387 silly audit report       title: 'Arbitrary File Creation/Overwrite via insufficient symlink protection due to directory cache poisoning using symbolic links',
387 silly audit report       severity: 'high',
387 silly audit report       vulnerable_versions: '<4.4.18',
387 silly audit report       cwe: [Array],
387 silly audit report       cvss: [Object]
387 silly audit report     }
387 silly audit report   ]
387 silly audit report }
388 timing metavuln:packument:tar Completed in 1ms
389 timing metavuln:cache:get:security-advisory:tar:Oa066nJpV2ox85F6qnk1N5eWmAmoWAMU7byYhWk4oYfHYrQ8aGHfCKRikfcy0dHDcKWKiPRc7Nz7R9fxKkj0Yw== Completed in 33ms
390 timing metavuln:load:security-advisory:tar:1089685 Completed in 5ms
391 timing metavuln:cache:get:security-advisory:tar://v7gXY4srL0Vdj6ndv/W5RidNqQcJEzKPP7wzp8ldEeGt+rcrGXk7GHbv4gaxsVCuNoYWXEG3Q0o+8zvTa+bA== Completed in 39ms
392 timing metavuln:load:security-advisory:tar:1091314 Completed in 5ms
393 timing metavuln:cache:get:security-advisory:tar:6IrrInvFtCltpVhVG2VxuzkWZKyBFFz82q8vKUG6SlVafYLuCJzljuu4f8Lj65dXTwl03T5SLKe7fT6K17W2yg== Completed in 44ms
394 timing metavuln:load:security-advisory:tar:1091343 Completed in 4ms
395 timing metavuln:cache:get:security-advisory:tar:p0AhLehZPY5CdqjgwJhs5z5O0h0MqVniwTfTsAMaLNDQ/RkWBbPEEZS5yXBrO2vDkOIaucWVWkY+Xk5QvzhkDA== Completed in 48ms
396 timing metavuln:load:security-advisory:tar:1091346 Completed in 5ms
397 timing metavuln:cache:get:security-advisory:tar:Q7GtB8n8qG0Q4W1Y8edsLahMQOAttKMP59qaGm2RXUj6J21WdWTRHOy5iq0eTNZzuiuSk/N5h086YcMxghDk1A== Completed in 53ms
398 timing metavuln:load:security-advisory:tar:1091349 Completed in 3ms
399 http fetch GET 200 https://registry.npmjs.org/util-deprecate/-/util-deprecate-1.0.2.tgz 602ms (cache miss)
400 timing reifyNode:node_modules/util-deprecate Completed in 647ms
401 http fetch GET 200 https://registry.npmjs.org/glob/-/glob-7.2.3.tgz 586ms (cache miss)
402 timing reifyNode:node_modules/glob Completed in 647ms
403 http fetch GET 200 https://registry.npmjs.org/block-stream/-/block-stream-0.0.9.tgz 591ms (cache miss)
404 timing reifyNode:node_modules/block-stream Completed in 647ms
405 http fetch GET 200 https://registry.npmjs.org/fs.realpath/-/fs.realpath-1.0.0.tgz 588ms (cache miss)
406 timing reifyNode:node_modules/fs.realpath Completed in 648ms
407 http fetch GET 200 https://registry.npmjs.org/builtins/-/builtins-1.0.3.tgz 606ms (cache miss)
408 timing reifyNode:node_modules/builtins Completed in 654ms
409 http fetch GET 200 https://registry.npmjs.org/brace-expansion/-/brace-expansion-1.1.11.tgz 586ms (cache miss)
410 timing reifyNode:node_modules/brace-expansion Completed in 649ms
411 http fetch GET 200 https://registry.npmjs.org/uid-number/-/uid-number-0.0.6.tgz 582ms (cache miss)
412 timing reifyNode:node_modules/uid-number Completed in 650ms
413 http fetch GET 200 https://registry.npmjs.org/color-name/-/color-name-1.1.4.tgz 524ms (cache miss)
414 timing reifyNode:node_modules/color-name Completed in 649ms
415 http fetch GET 200 https://registry.npmjs.org/balanced-match/-/balanced-match-1.0.2.tgz 593ms (cache miss)
416 timing reifyNode:node_modules/balanced-match Completed in 655ms
417 http fetch GET 200 https://registry.npmjs.org/fstream-ignore/-/fstream-ignore-1.0.5.tgz 582ms (cache miss)
418 timing reifyNode:node_modules/fstream-ignore Completed in 655ms
419 http fetch GET 200 https://registry.npmjs.org/process-nextick-args/-/process-nextick-args-2.0.1.tgz 621ms (cache miss)
420 timing reifyNode:node_modules/process-nextick-args Completed in 665ms
421 http fetch GET 200 https://registry.npmjs.org/xtend/-/xtend-4.0.2.tgz 615ms (cache miss)
422 timing reifyNode:node_modules/xtend Completed in 664ms
423 http fetch GET 200 https://registry.npmjs.org/path-is-absolute/-/path-is-absolute-1.0.1.tgz 608ms (cache miss)
424 timing reifyNode:node_modules/path-is-absolute Completed in 665ms
425 http fetch GET 200 https://registry.npmjs.org/concat-map/-/concat-map-0.0.1.tgz 600ms (cache miss)
426 timing reifyNode:node_modules/concat-map Completed in 665ms
427 timing metavuln:cache:put:security-advisory:tar:Oa066nJpV2ox85F6qnk1N5eWmAmoWAMU7byYhWk4oYfHYrQ8aGHfCKRikfcy0dHDcKWKiPRc7Nz7R9fxKkj0Yw== Completed in 304ms
428 timing metavuln:calculate:security-advisory:tar:1089685 Completed in 344ms
429 timing metavuln:cache:put:security-advisory:tar:p0AhLehZPY5CdqjgwJhs5z5O0h0MqVniwTfTsAMaLNDQ/RkWBbPEEZS5yXBrO2vDkOIaucWVWkY+Xk5QvzhkDA== Completed in 289ms
430 timing metavuln:calculate:security-advisory:tar:1091346 Completed in 342ms
431 timing metavuln:cache:put:security-advisory:tar:6IrrInvFtCltpVhVG2VxuzkWZKyBFFz82q8vKUG6SlVafYLuCJzljuu4f8Lj65dXTwl03T5SLKe7fT6K17W2yg== Completed in 295ms
432 timing metavuln:calculate:security-advisory:tar:1091343 Completed in 343ms
433 http fetch GET 200 https://registry.npmjs.org/isexe/-/isexe-2.0.0.tgz 620ms (cache miss)
434 timing reifyNode:node_modules/isexe Completed in 667ms
435 timing metavuln:cache:put:security-advisory:tar:Q7GtB8n8qG0Q4W1Y8edsLahMQOAttKMP59qaGm2RXUj6J21WdWTRHOy5iq0eTNZzuiuSk/N5h086YcMxghDk1A== Completed in 287ms
436 timing metavuln:calculate:security-advisory:tar:1091349 Completed in 343ms
437 http fetch GET 200 https://registry.npmjs.org/rimraf/-/rimraf-2.7.1.tgz 591ms (cache miss)
438 timing reifyNode:node_modules/rimraf Completed in 661ms
439 http fetch GET 200 https://registry.npmjs.org/once/-/once-1.4.0.tgz 591ms (cache miss)
440 timing reifyNode:node_modules/once Completed in 662ms
441 http fetch GET 200 https://registry.npmjs.org/string_decoder/-/string_decoder-0.10.31.tgz 570ms (cache miss)
442 timing reifyNode:node_modules/string_decoder Completed in 662ms
443 http fetch GET 200 https://registry.npmjs.org/inherits/-/inherits-2.0.4.tgz 567ms (cache miss)
444 timing reifyNode:node_modules/inherits Completed in 663ms
445 http fetch GET 200 https://registry.npmjs.org/which/-/which-2.0.2.tgz 556ms (cache miss)
446 timing reifyNode:node_modules/which Completed in 663ms
447 http fetch GET 200 https://registry.npmjs.org/kleur/-/kleur-3.0.3.tgz 567ms (cache miss)
448 timing reifyNode:node_modules/kleur Completed in 666ms
449 http fetch GET 200 https://registry.npmjs.org/wrappy/-/wrappy-1.0.2.tgz 609ms (cache miss)
450 timing reifyNode:node_modules/wrappy Completed in 672ms
451 http fetch GET 200 https://registry.npmjs.org/inflight/-/inflight-1.0.6.tgz 614ms (cache miss)
452 timing reifyNode:node_modules/inflight Completed in 673ms
453 http fetch GET 200 https://registry.npmjs.org/ms/-/ms-2.0.0.tgz 605ms (cache miss)
454 timing reifyNode:node_modules/ms Completed in 671ms
455 http fetch GET 200 https://registry.npmjs.org/mkdirp/-/mkdirp-0.5.6.tgz 606ms (cache miss)
456 timing reifyNode:node_modules/mkdirp Completed in 671ms
457 http fetch GET 200 https://registry.npmjs.org/supports-color/-/supports-color-7.2.0.tgz 538ms (cache miss)
458 timing reifyNode:node_modules/supports-color Completed in 671ms
459 http fetch GET 200 https://registry.npmjs.org/color-convert/-/color-convert-2.0.1.tgz 540ms (cache miss)
460 timing reifyNode:node_modules/color-convert Completed in 671ms
461 http fetch GET 200 https://registry.npmjs.org/safe-buffer/-/safe-buffer-5.1.2.tgz 647ms (cache miss)
462 timing reifyNode:node_modules/safe-buffer Completed in 689ms
463 http fetch GET 200 https://registry.npmjs.org/core-util-is/-/core-util-is-1.0.3.tgz 587ms (cache miss)
464 timing reifyNode:node_modules/core-util-is Completed in 683ms
465 http fetch GET 200 https://registry.npmjs.org/has-flag/-/has-flag-4.0.0.tgz 608ms (cache miss)
466 timing reifyNode:node_modules/has-flag Completed in 683ms
467 http fetch GET 200 https://registry.npmjs.org/shebang-regex/-/shebang-regex-3.0.0.tgz 607ms (cache miss)
468 timing reifyNode:node_modules/shebang-regex Completed in 684ms
469 http fetch GET 200 https://registry.npmjs.org/yallist/-/yallist-4.0.0.tgz 606ms (cache miss)
470 timing reifyNode:node_modules/yallist Completed in 684ms
471 http fetch GET 200 https://registry.npmjs.org/jsonfile/-/jsonfile-6.1.0.tgz 578ms (cache miss)
472 timing reifyNode:node_modules/jsonfile Completed in 684ms
473 http fetch GET 200 https://registry.npmjs.org/shebang-command/-/shebang-command-2.0.0.tgz 575ms (cache miss)
474 timing reifyNode:node_modules/shebang-command Completed in 684ms
475 http fetch GET 200 https://registry.npmjs.org/sisteransi/-/sisteransi-1.0.5.tgz 592ms (cache miss)
476 timing reifyNode:node_modules/sisteransi Completed in 689ms
477 http fetch GET 200 https://registry.npmjs.org/universalify/-/universalify-2.0.0.tgz 584ms (cache miss)
478 timing reifyNode:node_modules/universalify Completed in 689ms
479 http fetch GET 200 https://registry.npmjs.org/tmp/-/tmp-0.2.1.tgz 553ms (cache miss)
480 timing reifyNode:node_modules/tmp Completed in 689ms
481 http fetch GET 200 https://registry.npmjs.org/isarray/-/isarray-1.0.0.tgz 538ms (cache miss)
482 timing reifyNode:node_modules/tar-pack/node_modules/isarray Completed in 691ms
483 timing metavuln:cache:put:security-advisory:tar://v7gXY4srL0Vdj6ndv/W5RidNqQcJEzKPP7wzp8ldEeGt+rcrGXk7GHbv4gaxsVCuNoYWXEG3Q0o+8zvTa+bA== Completed in 332ms
484 timing metavuln:calculate:security-advisory:tar:1091314 Completed in 376ms
485 timing metavuln:packument:tar-pack Completed in 0ms
486 http fetch GET 200 https://registry.npmjs.org/lru-cache/-/lru-cache-6.0.0.tgz 613ms (cache miss)
487 timing reifyNode:node_modules/lru-cache Completed in 693ms
488 http fetch GET 200 https://registry.npmjs.org/isarray/-/isarray-0.0.1.tgz 601ms (cache miss)
489 timing reifyNode:node_modules/isarray Completed in 694ms
490 http fetch GET 200 https://registry.npmjs.org/debug/-/debug-2.6.9.tgz 620ms (cache miss)
491 http fetch GET 200 https://registry.npmjs.org/through2/-/through2-0.6.5.tgz 592ms (cache miss)
492 timing reifyNode:node_modules/through2 Completed in 694ms
493 http fetch GET 200 https://registry.npmjs.org/path-key/-/path-key-3.1.1.tgz 570ms (cache miss)
494 timing reifyNode:node_modules/path-key Completed in 694ms
495 http fetch GET 200 https://registry.npmjs.org/ansi-styles/-/ansi-styles-4.3.0.tgz 560ms (cache miss)
496 timing reifyNode:node_modules/ansi-styles Completed in 694ms
497 http fetch GET 200 https://registry.npmjs.org/string_decoder/-/string_decoder-1.1.1.tgz 544ms (cache miss)
498 timing reifyNode:node_modules/tar-pack/node_modules/string_decoder Completed in 695ms
499 timing metavuln:cache:get:security-advisory:tar-pack:3KXljJwoAr/NHejfU6kg41RmjF3Pg6M28t7ViuMjk5SYV3kYL9qyGZ417dIFb1Y8K+hhpo0sBWpskxrKhsZQzQ== Completed in 5ms
500 timing metavuln:load:security-advisory:tar-pack:Oa066nJpV2ox85F6qnk1N5eWmAmoWAMU7byYhWk4oYfHYrQ8aGHfCKRikfcy0dHDcKWKiPRc7Nz7R9fxKkj0Yw== Completed in 5ms
501 http fetch GET 200 https://registry.npmjs.org/duplexer2/-/duplexer2-0.0.2.tgz 602ms (cache miss)
502 timing reifyNode:node_modules/duplexer2 Completed in 703ms
503 http fetch GET 200 https://registry.npmjs.org/buffer-from/-/buffer-from-0.1.2.tgz 600ms (cache miss)
504 timing reifyNode:node_modules/buffer-from Completed in 704ms
505 timing reifyNode:node_modules/debug Completed in 708ms
506 http fetch GET 200 https://registry.npmjs.org/validate-npm-package-name/-/validate-npm-package-name-3.0.0.tgz 572ms (cache miss)
507 timing reifyNode:node_modules/validate-npm-package-name Completed in 707ms
508 http fetch GET 200 https://registry.npmjs.org/hyperquest/-/hyperquest-2.1.3.tgz 569ms (cache miss)
509 http fetch GET 200 https://registry.npmjs.org/cross-spawn/-/cross-spawn-7.0.3.tgz 565ms (cache miss)
510 timing reifyNode:node_modules/cross-spawn Completed in 710ms
511 http fetch GET 200 https://registry.npmjs.org/chalk/-/chalk-4.1.2.tgz 564ms (cache miss)
512 timing reifyNode:node_modules/chalk Completed in 709ms
513 http fetch GET 200 https://registry.npmjs.org/rimraf/-/rimraf-3.0.2.tgz 560ms (cache miss)
514 timing reifyNode:node_modules/tmp/node_modules/rimraf Completed in 711ms
515 http fetch GET 200 https://registry.npmjs.org/commander/-/commander-4.1.1.tgz 564ms (cache miss)
516 timing reifyNode:node_modules/commander Completed in 713ms
517 http fetch GET 200 https://registry.npmjs.org/readable-stream/-/readable-stream-1.0.34.tgz 559ms (cache miss)
518 http fetch GET 200 https://registry.npmjs.org/graceful-fs/-/graceful-fs-4.2.11.tgz 607ms (cache miss)
519 timing reifyNode:node_modules/graceful-fs Completed in 716ms
520 http fetch GET 200 https://registry.npmjs.org/tar-pack/-/tar-pack-3.4.1.tgz 578ms (cache miss)
521 http fetch GET 200 https://registry.npmjs.org/envinfo/-/envinfo-7.8.1.tgz 573ms (cache miss)
522 timing reifyNode:node_modules/envinfo Completed in 717ms
523 timing reifyNode:node_modules/through2/node_modules/readable-stream Completed in 718ms
524 timing reifyNode:node_modules/hyperquest Completed in 718ms
525 http fetch GET 200 https://registry.npmjs.org/minimatch/-/minimatch-3.1.2.tgz 657ms (cache miss)
526 timing reifyNode:node_modules/minimatch Completed in 721ms
527 timing reifyNode:node_modules/tar-pack Completed in 721ms
528 http fetch GET 200 https://registry.npmjs.org/create-react-app/-/create-react-app-5.0.1.tgz 575ms (cache miss)
529 timing reifyNode:node_modules/create-react-app Completed in 722ms
530 http fetch GET 200 https://registry.npmjs.org/minimist/-/minimist-1.2.8.tgz 668ms (cache miss)
531 timing reifyNode:node_modules/minimist Completed in 734ms
532 http fetch GET 200 https://registry.npmjs.org/readable-stream/-/readable-stream-1.1.14.tgz 629ms (cache miss)
533 timing reifyNode:node_modules/readable-stream Completed in 729ms
534 http fetch GET 200 https://registry.npmjs.org/readable-stream/-/readable-stream-2.3.8.tgz 583ms (cache miss)
535 timing reifyNode:node_modules/tar-pack/node_modules/readable-stream Completed in 741ms
536 timing metavuln:cache:put:security-advisory:tar-pack:3KXljJwoAr/NHejfU6kg41RmjF3Pg6M28t7ViuMjk5SYV3kYL9qyGZ417dIFb1Y8K+hhpo0sBWpskxrKhsZQzQ== Completed in 40ms
537 timing metavuln:calculate:security-advisory:tar-pack:Oa066nJpV2ox85F6qnk1N5eWmAmoWAMU7byYhWk4oYfHYrQ8aGHfCKRikfcy0dHDcKWKiPRc7Nz7R9fxKkj0Yw== Completed in 50ms
538 timing metavuln:packument:create-react-app Completed in 0ms
539 timing metavuln:cache:get:security-advisory:create-react-app:BAP5sjD/UipbJVBCija12WlnlurqvRCOfkHPDCK3St763W6JIxpLfRD1F9PMmW4GEaZmK6BFkh/Pye257xPpCw== Completed in 1ms
540 timing metavuln:load:security-advisory:create-react-app:3KXljJwoAr/NHejfU6kg41RmjF3Pg6M28t7ViuMjk5SYV3kYL9qyGZ417dIFb1Y8K+hhpo0sBWpskxrKhsZQzQ== Completed in 5ms
541 http fetch GET 200 https://registry.npmjs.org/fstream/-/fstream-1.0.12.tgz 689ms (cache miss)
542 timing reifyNode:node_modules/fstream Completed in 763ms
543 http fetch GET 200 https://registry.npmjs.org/fs-extra/-/fs-extra-10.1.0.tgz 621ms (cache miss)
544 timing metavuln:cache:put:security-advisory:create-react-app:BAP5sjD/UipbJVBCija12WlnlurqvRCOfkHPDCK3St763W6JIxpLfRD1F9PMmW4GEaZmK6BFkh/Pye257xPpCw== Completed in 17ms
545 timing metavuln:calculate:security-advisory:create-react-app:3KXljJwoAr/NHejfU6kg41RmjF3Pg6M28t7ViuMjk5SYV3kYL9qyGZ417dIFb1Y8K+hhpo0sBWpskxrKhsZQzQ== Completed in 23ms
546 timing auditReport:init Completed in 465ms
547 timing reify:audit Completed in 794ms
548 timing reifyNode:node_modules/fs-extra Completed in 785ms
549 http fetch GET 200 https://registry.npmjs.org/semver/-/semver-7.5.0.tgz 655ms (cache miss)
550 timing reifyNode:node_modules/semver Completed in 794ms
551 http fetch GET 200 https://registry.npmjs.org/prompts/-/prompts-2.4.2.tgz 661ms (cache miss)
552 timing reifyNode:node_modules/prompts Completed in 801ms
553 http fetch GET 200 https://registry.npmjs.org/tar/-/tar-2.2.2.tgz 754ms (cache miss)
554 warn deprecated tar@2.2.2: This version of tar is no longer supported, and will not receive security updates. Please upgrade asap.
555 timing reifyNode:node_modules/tar Completed in 825ms
556 timing reify:unpack Completed in 831ms
557 timing reify:unretire Completed in 0ms
558 timing build:queue Completed in 3ms
559 timing build:link:node_modules/create-react-app Completed in 4ms
560 timing build:link:node_modules/tmp/node_modules/rimraf Completed in 3ms
561 timing build:link:node_modules/envinfo Completed in 3ms
562 timing build:link:node_modules/mkdirp Completed in 3ms
563 timing build:link:node_modules/rimraf Completed in 3ms
564 timing build:link:node_modules/semver Completed in 3ms
565 timing build:link:node_modules/which Completed in 3ms
566 timing build:link Completed in 4ms
567 timing build:deps Completed in 7ms
568 timing build Completed in 7ms
569 timing reify:build Completed in 8ms
570 timing reify:trash Completed in 0ms
571 timing reify:save Completed in 17ms
572 timing reify Completed in 1831ms
573 timing command:exec Completed in 62907ms
574 notice
574 notice New [31mmajor[39m version of npm available! [31m8.19.4[39m -> [32m9.6.5[39m
574 notice Changelog: [36mhttps://github.com/npm/cli/releases/tag/v9.6.5[39m
574 notice Run [32mnpm install -g npm@9.6.5[39m to update!
574 notice
575 verbose exit 0
576 timing npm Completed in 63026ms
577 info ok
